This is pdfTeX, Version 3.141592653-2.6-1.40.25 (MiKTeX 24.1) (preloaded format=pdflatex 2025.7.27)  6 OCT 2025 04:34
entering extended mode
 restricted \write18 enabled.
 file:line:error style messages enabled.
 %&-line parsing enabled.
**c:/Users/kundai/Documents/geosciences/stella-lorraine/observatory/publication/scientific/recursive-time-keeping/oscillatory-hierarchy-time-keeping.tex
(c:/Users/kundai/Documents/geosciences/stella-lorraine/observatory/publication/scientific/recursive-time-keeping/oscillatory-hierarchy-time-keeping.tex
LaTeX2e <2023-11-01> patch level 1
L3 programming layer <2024-01-04>
(C:\Users\kundai\AppData\Local\Programs\MiKTeX\tex/latex/base\article.cls
Document Class: article 2023/05/17 v1.4n Standard LaTeX document class
(C:\Users\kundai\AppData\Local\Programs\MiKTeX\tex/latex/base\size12.clo
File: size12.clo 2023/05/17 v1.4n Standard LaTeX file (size option)
)
\c@part=\count187
\c@section=\count188
\c@subsection=\count189
\c@subsubsection=\count190
\c@paragraph=\count191
\c@subparagraph=\count192
\c@figure=\count193
\c@table=\count194
\abovecaptionskip=\skip48
\belowcaptionskip=\skip49
\bibindent=\dimen140
) (C:\Users\kundai\AppData\Local\Programs\MiKTeX\tex/latex/base\inputenc.sty
Package: inputenc 2021/02/14 v1.3d Input encoding file
\inpenc@prehook=\toks17
\inpenc@posthook=\toks18
) (C:\Users\kundai\AppData\Local\Programs\MiKTeX\tex/latex/amsmath\amsmath.sty
Package: amsmath 2023/05/13 v2.17o AMS math features
\@mathmargin=\skip50

For additional information on amsmath, use the `?' option.
(C:\Users\kundai\AppData\Local\Programs\MiKTeX\tex/latex/amsmath\amstext.sty
Package: amstext 2021/08/26 v2.01 AMS text
 (C:\Users\kundai\AppData\Local\Programs\MiKTeX\tex/latex/amsmath\amsgen.sty
File: amsgen.sty 1999/11/30 v2.0 generic functions
\@emptytoks=\toks19
\ex@=\dimen141
)) (C:\Users\kundai\AppData\Local\Programs\MiKTeX\tex/latex/amsmath\amsbsy.sty
Package: amsbsy 1999/11/29 v1.2d Bold Symbols
\pmbraise@=\dimen142
) (C:\Users\kundai\AppData\Local\Programs\MiKTeX\tex/latex/amsmath\amsopn.sty
Package: amsopn 2022/04/08 v2.04 operator names
)
\inf@bad=\count195
LaTeX Info: Redefining \frac on input line 234.
\uproot@=\count196
\leftroot@=\count197
LaTeX Info: Redefining \overline on input line 399.
LaTeX Info: Redefining \colon on input line 410.
\classnum@=\count198
\DOTSCASE@=\count199
LaTeX Info: Redefining \ldots on input line 496.
LaTeX Info: Redefining \dots on input line 499.
LaTeX Info: Redefining \cdots on input line 620.
\Mathstrutbox@=\box51
\strutbox@=\box52
LaTeX Info: Redefining \big on input line 722.
LaTeX Info: Redefining \Big on input line 723.
LaTeX Info: Redefining \bigg on input line 724.
LaTeX Info: Redefining \Bigg on input line 725.
\big@size=\dimen143
LaTeX Font Info:    Redeclaring font encoding OML on input line 743.
LaTeX Font Info:    Redeclaring font encoding OMS on input line 744.
\macc@depth=\count266
LaTeX Info: Redefining \bmod on input line 905.
LaTeX Info: Redefining \pmod on input line 910.
LaTeX Info: Redefining \smash on input line 940.
LaTeX Info: Redefining \relbar on input line 970.
LaTeX Info: Redefining \Relbar on input line 971.
\c@MaxMatrixCols=\count267
\dotsspace@=\muskip16
\c@parentequation=\count268
\dspbrk@lvl=\count269
\tag@help=\toks20
\row@=\count270
\column@=\count271
\maxfields@=\count272
\andhelp@=\toks21
\eqnshift@=\dimen144
\alignsep@=\dimen145
\tagshift@=\dimen146
\tagwidth@=\dimen147
\totwidth@=\dimen148
\lineht@=\dimen149
\@envbody=\toks22
\multlinegap=\skip51
\multlinetaggap=\skip52
\mathdisplay@stack=\toks23
LaTeX Info: Redefining \[ on input line 2953.
LaTeX Info: Redefining \] on input line 2954.
) (C:\Users\kundai\AppData\Local\Programs\MiKTeX\tex/latex/amsfonts\amssymb.sty
Package: amssymb 2013/01/14 v3.01 AMS font symbols
 (C:\Users\kundai\AppData\Local\Programs\MiKTeX\tex/latex/amsfonts\amsfonts.sty
Package: amsfonts 2013/01/14 v3.01 Basic AMSFonts support
\symAMSa=\mathgroup4
\symAMSb=\mathgroup5
LaTeX Font Info:    Redeclaring math symbol \hbar on input line 98.
LaTeX Font Info:    Overwriting math alphabet `\mathfrak' in version `bold'
(Font)                  U/euf/m/n --> U/euf/b/n on input line 106.
)) (C:\Users\kundai\AppData\Local\Programs\MiKTeX\tex/latex/amscls\amsthm.sty
Package: amsthm 2020/05/29 v2.20.6
\thm@style=\toks24
\thm@bodyfont=\toks25
\thm@headfont=\toks26
\thm@notefont=\toks27
\thm@headpunct=\toks28
\thm@preskip=\skip53
\thm@postskip=\skip54
\thm@headsep=\skip55
\dth@everypar=\toks29
) (C:\Users\kundai\AppData\Local\Programs\MiKTeX\tex/latex/geometry\geometry.sty
Package: geometry 2020/01/02 v5.9 Page Geometry
 (C:\Users\kundai\AppData\Local\Programs\MiKTeX\tex/latex/graphics\keyval.sty
Package: keyval 2022/05/29 v1.15 key=value parser (DPC)
\KV@toks@=\toks30
) (C:\Users\kundai\AppData\Local\Programs\MiKTeX\tex/generic/iftex\ifvtex.sty
Package: ifvtex 2019/10/25 v1.7 ifvtex legacy package. Use iftex instead.
 (C:\Users\kundai\AppData\Local\Programs\MiKTeX\tex/generic/iftex\iftex.sty
Package: iftex 2022/02/03 v1.0f TeX engine tests
))
\Gm@cnth=\count273
\Gm@cntv=\count274
\c@Gm@tempcnt=\count275
\Gm@bindingoffset=\dimen150
\Gm@wd@mp=\dimen151
\Gm@odd@mp=\dimen152
\Gm@even@mp=\dimen153
\Gm@layoutwidth=\dimen154
\Gm@layoutheight=\dimen155
\Gm@layouthoffset=\dimen156
\Gm@layoutvoffset=\dimen157
\Gm@dimlist=\toks31
 (C:\Users\kundai\AppData\Local\Programs\MiKTeX\tex/latex/geometry\geometry.cfg)) (C:\Users\kundai\AppData\Local\Programs\MiKTeX\tex/latex/setspace\setspace.sty
Package: setspace 2022/12/04 v6.7b set line spacing
) (C:\Users\kundai\AppData\Local\Programs\MiKTeX\tex/latex/natbib\natbib.sty
Package: natbib 2010/09/13 8.31b (PWD, AO)
\bibhang=\skip56
\bibsep=\skip57
LaTeX Info: Redefining \cite on input line 694.
\c@NAT@ctr=\count276
) (C:\Users\kundai\AppData\Local\Programs\MiKTeX\tex/latex/algorithms\algorithm.sty
Package: algorithm 2009/08/24 v0.1 Document Style `algorithm' - floating environment
 (C:\Users\kundai\AppData\Local\Programs\MiKTeX\tex/latex/float\float.sty
Package: float 2001/11/08 v1.3d Float enhancements (AL)
\c@float@type=\count277
\float@exts=\toks32
\float@box=\box53
\@float@everytoks=\toks33
\@floatcapt=\box54
) (C:\Users\kundai\AppData\Local\Programs\MiKTeX\tex/latex/base\ifthen.sty
Package: ifthen 2022/04/13 v1.1d Standard LaTeX ifthen package (DPC)
)
\@float@every@algorithm=\toks34
\c@algorithm=\count278
) (C:\Users\kundai\AppData\Local\Programs\MiKTeX\tex/latex/algorithms\algorithmic.sty
Package: algorithmic 2009/08/24 v0.1 Document Style `algorithmic'
\c@ALC@unique=\count279
\c@ALC@line=\count280
\c@ALC@rem=\count281
\c@ALC@depth=\count282
\ALC@tlm=\skip58
\algorithmicindent=\skip59
) (C:\Users\kundai\AppData\Local\Programs\MiKTeX\tex/latex/graphics\graphicx.sty
Package: graphicx 2021/09/16 v1.2d Enhanced LaTeX Graphics (DPC,SPQR)
 (C:\Users\kundai\AppData\Local\Programs\MiKTeX\tex/latex/graphics\graphics.sty
Package: graphics 2022/03/10 v1.4e Standard LaTeX Graphics (DPC,SPQR)
 (C:\Users\kundai\AppData\Local\Programs\MiKTeX\tex/latex/graphics\trig.sty
Package: trig 2021/08/11 v1.11 sin cos tan (DPC)
) (C:\Users\kundai\AppData\Local\Programs\MiKTeX\tex/latex/graphics-cfg\graphics.cfg
File: graphics.cfg 2016/06/04 v1.11 sample graphics configuration
)
Package graphics Info: Driver file: pdftex.def on input line 107.
 (C:\Users\kundai\AppData\Local\Programs\MiKTeX\tex/latex/graphics-def\pdftex.def
File: pdftex.def 2022/09/22 v1.2b Graphics/color driver for pdftex
))
\Gin@req@height=\dimen158
\Gin@req@width=\dimen159
)
\c@theorem=\count283
\c@definition=\count284
\c@proposition=\count285
\c@corollary=\count286
\c@lemma=\count287
 (C:\Users\kundai\AppData\Local\Programs\MiKTeX\tex/latex/l3backend\l3backend-pdftex.def
File: l3backend-pdftex.def 2024-01-04 L3 backend support: PDF output (pdfTeX)
\l__color_backend_stack_int=\count288
\l__pdf_internal_box=\box55
)
No file oscillatory-hierarchy-time-keeping.aux.
\openout1 = `oscillatory-hierarchy-time-keeping.aux'.

LaTeX Font Info:    Checking defaults for OML/cmm/m/it on input line 26.
LaTeX Font Info:    ... okay on input line 26.
LaTeX Font Info:    Checking defaults for OMS/cmsy/m/n on input line 26.
LaTeX Font Info:    ... okay on input line 26.
LaTeX Font Info:    Checking defaults for OT1/cmr/m/n on input line 26.
LaTeX Font Info:    ... okay on input line 26.
LaTeX Font Info:    Checking defaults for T1/cmr/m/n on input line 26.
LaTeX Font Info:    ... okay on input line 26.
LaTeX Font Info:    Checking defaults for TS1/cmr/m/n on input line 26.
LaTeX Font Info:    ... okay on input line 26.
LaTeX Font Info:    Checking defaults for OMX/cmex/m/n on input line 26.
LaTeX Font Info:    ... okay on input line 26.
LaTeX Font Info:    Checking defaults for U/cmr/m/n on input line 26.
LaTeX Font Info:    ... okay on input line 26.
*geometry* driver: auto-detecting
*geometry* detected driver: pdftex
*geometry* verbose mode - [ preamble ] result:
* driver: pdftex
* paper: a4paper
* layout: <same size as paper>
* layoutoffset:(h,v)=(0.0pt,0.0pt)
* modes: 
* h-part:(L,W,R)=(72.26999pt, 452.9679pt, 72.26999pt)
* v-part:(T,H,B)=(72.26999pt, 700.50687pt, 72.26999pt)
* \paperwidth=597.50787pt
* \paperheight=845.04684pt
* \textwidth=452.9679pt
* \textheight=700.50687pt
* \oddsidemargin=0.0pt
* \evensidemargin=0.0pt
* \topmargin=-37.0pt
* \headheight=12.0pt
* \headsep=25.0pt
* \topskip=12.0pt
* \footskip=30.0pt
* \marginparwidth=35.0pt
* \marginparsep=10.0pt
* \columnsep=10.0pt
* \skip\footins=10.8pt plus 4.0pt minus 2.0pt
* \hoffset=0.0pt
* \voffset=0.0pt
* \mag=1000
* \@twocolumnfalse
* \@twosidefalse
* \@mparswitchfalse
* \@reversemarginfalse
* (1in=72.27pt=25.4mm, 1cm=28.453pt)

(C:\Users\kundai\AppData\Local\Programs\MiKTeX\tex/context/base/mkii\supp-pdf.mkii
[Loading MPS to PDF converter (version 2006.09.02).]
\scratchcounter=\count289
\scratchdimen=\dimen160
\scratchbox=\box56
\nofMPsegments=\count290
\nofMParguments=\count291
\everyMPshowfont=\toks35
\MPscratchCnt=\count292
\MPscratchDim=\dimen161
\MPnumerator=\count293
\makeMPintoPDFobject=\count294
\everyMPtoPDFconversion=\toks36
) (C:\Users\kundai\AppData\Local\Programs\MiKTeX\tex/latex/epstopdf-pkg\epstopdf-base.sty
Package: epstopdf-base 2020-01-24 v2.11 Base part for package epstopdf
Package epstopdf-base Info: Redefining graphics rule for `.eps' on input line 485.
 (C:\Users\kundai\AppData\Local\Programs\MiKTeX\tex/latex/00miktex\epstopdf-sys.cfg
File: epstopdf-sys.cfg 2021/03/18 v2.0 Configuration of epstopdf for MiKTeX
))
LaTeX Font Info:    Trying to load font information for U+msa on input line 28.
 (C:\Users\kundai\AppData\Local\Programs\MiKTeX\tex/latex/amsfonts\umsa.fd
File: umsa.fd 2013/01/14 v3.01 AMS symbols A
)
LaTeX Font Info:    Trying to load font information for U+msb on input line 28.
 (C:\Users\kundai\AppData\Local\Programs\MiKTeX\tex/latex/amsfonts\umsb.fd
File: umsb.fd 2013/01/14 v3.01 AMS symbols B
) [1

{C:/Users/kundai/AppData/Local/MiKTeX/fonts/map/pdftex/pdftex.map}]
Overfull \hbox (10.76508pt too wide) in paragraph at lines 49--50
\OT1/cmr/bx/n/12 Theorem 1 \OT1/cmr/m/n/12 (Bounded Sys-tem Os-cil-la-tion Ne-ces-sity)\OT1/cmr/bx/n/12 . \OT1/cmr/m/it/12 Ev-ery dy-nam-i-cal sys-tem with bounded
 []

[2] [3] [4] [5]
c:/Users/kundai/Documents/geosciences/stella-lorraine/observatory/publication/scientific/recursive-time-keeping/oscillatory-hierarchy-time-keeping.tex:169: Undefined control sequence.
<recently read> \State 
                       
l.169 \State
             \textbf{Input:} Oscillatory networks $\{H_1, H_2, \ldots, H_k\}...
The control sequence at the end of the top line
of your error message was never \def'ed. If you have
misspelled it (e.g., `\hobx'), type `I' and the correct
spelling (e.g., `I\hbox'). Otherwise just continue,
and I'll forget about whatever was undefined.

c:/Users/kundai/Documents/geosciences/stella-lorraine/observatory/publication/scientific/recursive-time-keeping/oscillatory-hierarchy-time-keeping.tex:170: Undefined control sequence.
l.170 \State
             \textbf{Output:} Validated temporal coordinate $T(x,y,z,t)$ wit...
The control sequence at the end of the top line
of your error message was never \def'ed. If you have
misspelled it (e.g., `\hobx'), type `I' and the correct
spelling (e.g., `I\hbox'). Otherwise just continue,
and I'll forget about whatever was undefined.

c:/Users/kundai/Documents/geosciences/stella-lorraine/observatory/publication/scientific/recursive-time-keeping/oscillatory-hierarchy-time-keeping.tex:172: Undefined control sequence.
l.172 \State
             // Phase 1: Collect oscillatory termination data
The control sequence at the end of the top line
of your error message was never \def'ed. If you have
misspelled it (e.g., `\hobx'), type `I' and the correct
spelling (e.g., `I\hbox'). Otherwise just continue,
and I'll forget about whatever was undefined.

c:/Users/kundai/Documents/geosciences/stella-lorraine/observatory/publication/scientific/recursive-time-keeping/oscillatory-hierarchy-time-keeping.tex:173: Undefined control sequence.
l.173 \For
          {each hierarchical level $H_i$}
The control sequence at the end of the top line
of your error message was never \def'ed. If you have
misspelled it (e.g., `\hobx'), type `I' and the correct
spelling (e.g., `I\hbox'). Otherwise just continue,
and I'll forget about whatever was undefined.

c:/Users/kundai/Documents/geosciences/stella-lorraine/observatory/publication/scientific/recursive-time-keeping/oscillatory-hierarchy-time-keeping.tex:174: Undefined control sequence.
l.174     \State
                 $E_i \leftarrow$ CollectTerminationPoints($H_i$)
The control sequence at the end of the top line
of your error message was never \def'ed. If you have
misspelled it (e.g., `\hobx'), type `I' and the correct
spelling (e.g., `I\hbox'). Otherwise just continue,
and I'll forget about whatever was undefined.

c:/Users/kundai/Documents/geosciences/stella-lorraine/observatory/publication/scientific/recursive-time-keeping/oscillatory-hierarchy-time-keeping.tex:175: Undefined control sequence.
l.175     \State
                 $F_i \leftarrow$ AnalyzeFrequencySpectrum($E_i$)
The control sequence at the end of the top line
of your error message was never \def'ed. If you have
misspelled it (e.g., `\hobx'), type `I' and the correct
spelling (e.g., `I\hbox'). Otherwise just continue,
and I'll forget about whatever was undefined.

c:/Users/kundai/Documents/geosciences/stella-lorraine/observatory/publication/scientific/recursive-time-keeping/oscillatory-hierarchy-time-keeping.tex:176: Undefined control sequence.
l.176     \State
                 $P_i \leftarrow$ CalculatePhaseRelationships($E_i$)
The control sequence at the end of the top line
of your error message was never \def'ed. If you have
misspelled it (e.g., `\hobx'), type `I' and the correct
spelling (e.g., `I\hbox'). Otherwise just continue,
and I'll forget about whatever was undefined.

c:/Users/kundai/Documents/geosciences/stella-lorraine/observatory/publication/scientific/recursive-time-keeping/oscillatory-hierarchy-time-keeping.tex:177: Undefined control sequence.
l.177 \EndFor
             
The control sequence at the end of the top line
of your error message was never \def'ed. If you have
misspelled it (e.g., `\hobx'), type `I' and the correct
spelling (e.g., `I\hbox'). Otherwise just continue,
and I'll forget about whatever was undefined.

c:/Users/kundai/Documents/geosciences/stella-lorraine/observatory/publication/scientific/recursive-time-keeping/oscillatory-hierarchy-time-keeping.tex:179: Undefined control sequence.
l.179 \State
             // Phase 2: Cross-hierarchical convergence analysis
The control sequence at the end of the top line
of your error message was never \def'ed. If you have
misspelled it (e.g., `\hobx'), type `I' and the correct
spelling (e.g., `I\hbox'). Otherwise just continue,
and I'll forget about whatever was undefined.

c:/Users/kundai/Documents/geosciences/stella-lorraine/observatory/publication/scientific/recursive-time-keeping/oscillatory-hierarchy-time-keeping.tex:180: Undefined control sequence.
l.180 \State
             $C \leftarrow \emptyset$
The control sequence at the end of the top line
of your error message was never \def'ed. If you have
misspelled it (e.g., `\hobx'), type `I' and the correct
spelling (e.g., `I\hbox'). Otherwise just continue,
and I'll forget about whatever was undefined.

c:/Users/kundai/Documents/geosciences/stella-lorraine/observatory/publication/scientific/recursive-time-keeping/oscillatory-hierarchy-time-keeping.tex:181: Undefined control sequence.
l.181 \For
          {each potential convergence point $(x,y,z,t)$}
The control sequence at the end of the top line
of your error message was never \def'ed. If you have
misspelled it (e.g., `\hobx'), type `I' and the correct
spelling (e.g., `I\hbox'). Otherwise just continue,
and I'll forget about whatever was undefined.

c:/Users/kundai/Documents/geosciences/stella-lorraine/observatory/publication/scientific/recursive-time-keeping/oscillatory-hierarchy-time-keeping.tex:182: Undefined control sequence.
l.182     \State
                 $\text{confidence} \leftarrow 0$
The control sequence at the end of the top line
of your error message was never \def'ed. If you have
misspelled it (e.g., `\hobx'), type `I' and the correct
spelling (e.g., `I\hbox'). Otherwise just continue,
and I'll forget about whatever was undefined.

c:/Users/kundai/Documents/geosciences/stella-lorraine/observatory/publication/scientific/recursive-time-keeping/oscillatory-hierarchy-time-keeping.tex:183: Undefined control sequence.
l.183     \For
              {each hierarchical level $H_i$}
The control sequence at the end of the top line
of your error message was never \def'ed. If you have
misspelled it (e.g., `\hobx'), type `I' and the correct
spelling (e.g., `I\hbox'). Otherwise just continue,
and I'll forget about whatever was undefined.

c:/Users/kundai/Documents/geosciences/stella-lorraine/observatory/publication/scientific/recursive-time-keeping/oscillatory-hierarchy-time-keeping.tex:184: Undefined control sequence.
l.184         \State
                     $\text{alignment}_i \leftarrow$ CheckAlignment($E_i$, $...
The control sequence at the end of the top line
of your error message was never \def'ed. If you have
misspelled it (e.g., `\hobx'), type `I' and the correct
spelling (e.g., `I\hbox'). Otherwise just continue,
and I'll forget about whatever was undefined.

c:/Users/kundai/Documents/geosciences/stella-lorraine/observatory/publication/scientific/recursive-time-keeping/oscillatory-hierarchy-time-keeping.tex:185: Undefined control sequence.
l.185         \State
                     $\text{confidence} += \text{weight}_i \times \text{alig...
The control sequence at the end of the top line
of your error message was never \def'ed. If you have
misspelled it (e.g., `\hobx'), type `I' and the correct
spelling (e.g., `I\hbox'). Otherwise just continue,
and I'll forget about whatever was undefined.

c:/Users/kundai/Documents/geosciences/stella-lorraine/observatory/publication/scientific/recursive-time-keeping/oscillatory-hierarchy-time-keeping.tex:186: Undefined control sequence.
l.186     \EndFor
                 
The control sequence at the end of the top line
of your error message was never \def'ed. If you have
misspelled it (e.g., `\hobx'), type `I' and the correct
spelling (e.g., `I\hbox'). Otherwise just continue,
and I'll forget about whatever was undefined.

c:/Users/kundai/Documents/geosciences/stella-lorraine/observatory/publication/scientific/recursive-time-keeping/oscillatory-hierarchy-time-keeping.tex:187: Undefined control sequence.
l.187     \If
             {$\text{confidence} > \text{threshold}$}
The control sequence at the end of the top line
of your error message was never \def'ed. If you have
misspelled it (e.g., `\hobx'), type `I' and the correct
spelling (e.g., `I\hbox'). Otherwise just continue,
and I'll forget about whatever was undefined.

c:/Users/kundai/Documents/geosciences/stella-lorraine/observatory/publication/scientific/recursive-time-keeping/oscillatory-hierarchy-time-keeping.tex:188: Undefined control sequence.
l.188         \State
                     $C \leftarrow C \cup \{((x,y,z,t), \text{confidence})\}$
The control sequence at the end of the top line
of your error message was never \def'ed. If you have
misspelled it (e.g., `\hobx'), type `I' and the correct
spelling (e.g., `I\hbox'). Otherwise just continue,
and I'll forget about whatever was undefined.

c:/Users/kundai/Documents/geosciences/stella-lorraine/observatory/publication/scientific/recursive-time-keeping/oscillatory-hierarchy-time-keeping.tex:189: Undefined control sequence.
l.189     \EndIf
                
The control sequence at the end of the top line
of your error message was never \def'ed. If you have
misspelled it (e.g., `\hobx'), type `I' and the correct
spelling (e.g., `I\hbox'). Otherwise just continue,
and I'll forget about whatever was undefined.

c:/Users/kundai/Documents/geosciences/stella-lorraine/observatory/publication/scientific/recursive-time-keeping/oscillatory-hierarchy-time-keeping.tex:190: Undefined control sequence.
l.190 \EndFor
             
The control sequence at the end of the top line
of your error message was never \def'ed. If you have
misspelled it (e.g., `\hobx'), type `I' and the correct
spelling (e.g., `I\hbox'). Otherwise just continue,
and I'll forget about whatever was undefined.

c:/Users/kundai/Documents/geosciences/stella-lorraine/observatory/publication/scientific/recursive-time-keeping/oscillatory-hierarchy-time-keeping.tex:192: Undefined control sequence.
l.192 \State
             // Phase 3: Precision enhancement through completeness
The control sequence at the end of the top line
of your error message was never \def'ed. If you have
misspelled it (e.g., `\hobx'), type `I' and the correct
spelling (e.g., `I\hbox'). Otherwise just continue,
and I'll forget about whatever was undefined.

c:/Users/kundai/Documents/geosciences/stella-lorraine/observatory/publication/scientific/recursive-time-keeping/oscillatory-hierarchy-time-keeping.tex:193: Undefined control sequence.
l.193 \State
             $T_{\text{best}} \leftarrow \arg\max_{(x,y,z,t) \in C} \text{co...
The control sequence at the end of the top line
of your error message was never \def'ed. If you have
misspelled it (e.g., `\hobx'), type `I' and the correct
spelling (e.g., `I\hbox'). Otherwise just continue,
and I'll forget about whatever was undefined.

c:/Users/kundai/Documents/geosciences/stella-lorraine/observatory/publication/scientific/recursive-time-keeping/oscillatory-hierarchy-time-keeping.tex:194: Undefined control sequence.
l.194 \State
             $\text{precision} \leftarrow$ CalculatePrecision($T_{\text{best...
The control sequence at the end of the top line
of your error message was never \def'ed. If you have
misspelled it (e.g., `\hobx'), type `I' and the correct
spelling (e.g., `I\hbox'). Otherwise just continue,
and I'll forget about whatever was undefined.

c:/Users/kundai/Documents/geosciences/stella-lorraine/observatory/publication/scientific/recursive-time-keeping/oscillatory-hierarchy-time-keeping.tex:195: Undefined control sequence.
l.195 \State
             $\text{validation} \leftarrow$ CrossValidateHierarchies($T_{\te...
The control sequence at the end of the top line
of your error message was never \def'ed. If you have
misspelled it (e.g., `\hobx'), type `I' and the correct
spelling (e.g., `I\hbox'). Otherwise just continue,
and I'll forget about whatever was undefined.

c:/Users/kundai/Documents/geosciences/stella-lorraine/observatory/publication/scientific/recursive-time-keeping/oscillatory-hierarchy-time-keeping.tex:197: Undefined control sequence.
l.197 \State
             \textbf{Return} $(T_{\text{best}}, \text{precision})$ if $\text...
The control sequence at the end of the top line
of your error message was never \def'ed. If you have
misspelled it (e.g., `\hobx'), type `I' and the correct
spelling (e.g., `I\hbox'). Otherwise just continue,
and I'll forget about whatever was undefined.


c:/Users/kundai/Documents/geosciences/stella-lorraine/observatory/publication/scientific/recursive-time-keeping/oscillatory-hierarchy-time-keeping.tex:198: LaTeX Error: Something's wrong--perhaps a missing \item.

See the LaTeX manual or LaTeX Companion for explanation.
Type  H <return>  for immediate help.
 ...                                              
                                                  
l.198 \end{algorithmic}
                       
Try typing  <return>  to proceed.
If that doesn't work, type  X <return>  to quit.


Overfull \hbox (2.5683pt too wide) in paragraph at lines 203--203
[]\OT1/cmr/bx/n/14.4 Precision En-hance-ment Through Hi-er-ar-chi-cal Com-plete-ness 
 []

[6] [7] [8] [9] [10]

c:/Users/kundai/Documents/geosciences/stella-lorraine/observatory/publication/scientific/recursive-time-keeping/oscillatory-hierarchy-time-keeping.tex:329: LaTeX Error: Unicode character ₂ (U+2082)
               not set up for use with LaTeX.

See the LaTeX manual or LaTeX Companion for explanation.
Type  H <return>  for immediate help.
 ...                                              
                                                  
l.329 \item \textbf{N₂ Oscillators}
                                     : $\sim 10^{32}$ molecules at $\sim 10^...
You may provide a definition with
\DeclareUnicodeCharacter 


c:/Users/kundai/Documents/geosciences/stella-lorraine/observatory/publication/scientific/recursive-time-keeping/oscillatory-hierarchy-time-keeping.tex:330: LaTeX Error: Unicode character ₂ (U+2082)
               not set up for use with LaTeX.

See the LaTeX manual or LaTeX Companion for explanation.
Type  H <return>  for immediate help.
 ...                                              
                                                  
l.330 \item \textbf{O₂ Oscillators}
                                     : $\sim 10^{31}$ molecules at $\sim 10^...
You may provide a definition with
\DeclareUnicodeCharacter 


c:/Users/kundai/Documents/geosciences/stella-lorraine/observatory/publication/scientific/recursive-time-keeping/oscillatory-hierarchy-time-keeping.tex:331: LaTeX Error: Unicode character ₂ (U+2082)
               not set up for use with LaTeX.

See the LaTeX manual or LaTeX Companion for explanation.
Type  H <return>  for immediate help.
 ...                                              
                                                  
l.331 \item \textbf{H₂O Oscillators}
                                      : $\sim 10^{30}$ molecules at $\sim 10...
You may provide a definition with
\DeclareUnicodeCharacter 

c:/Users/kundai/Documents/geosciences/stella-lorraine/observatory/publication/scientific/recursive-time-keeping/oscillatory-hierarchy-time-keeping.tex:342: Undefined control sequence.
<recently read> \State 
                       
l.342 \State
             \textbf{Input:} Atmospheric molecular network $\mathcal{A}$, ta...
The control sequence at the end of the top line
of your error message was never \def'ed. If you have
misspelled it (e.g., `\hobx'), type `I' and the correct
spelling (e.g., `I\hbox'). Otherwise just continue,
and I'll forget about whatever was undefined.

c:/Users/kundai/Documents/geosciences/stella-lorraine/observatory/publication/scientific/recursive-time-keeping/oscillatory-hierarchy-time-keeping.tex:343: Undefined control sequence.
l.343 \State
             \textbf{Output:} Atmospheric-validated temporal coordinate
The control sequence at the end of the top line
of your error message was never \def'ed. If you have
misspelled it (e.g., `\hobx'), type `I' and the correct
spelling (e.g., `I\hbox'). Otherwise just continue,
and I'll forget about whatever was undefined.

c:/Users/kundai/Documents/geosciences/stella-lorraine/observatory/publication/scientific/recursive-time-keeping/oscillatory-hierarchy-time-keeping.tex:345: Undefined control sequence.
l.345 \State
             // Phase 1: Molecular oscillator sampling
The control sequence at the end of the top line
of your error message was never \def'ed. If you have
misspelled it (e.g., `\hobx'), type `I' and the correct
spelling (e.g., `I\hbox'). Otherwise just continue,
and I'll forget about whatever was undefined.

c:/Users/kundai/Documents/geosciences/stella-lorraine/observatory/publication/scientific/recursive-time-keeping/oscillatory-hierarchy-time-keeping.tex:346: Undefined control sequence.
l.346 \State
             $S \leftarrow$ SelectRepresentativeMolecules($\mathcal{A}$, sam...
The control sequence at the end of the top line
of your error message was never \def'ed. If you have
misspelled it (e.g., `\hobx'), type `I' and the correct
spelling (e.g., `I\hbox'). Otherwise just continue,
and I'll forget about whatever was undefined.

c:/Users/kundai/Documents/geosciences/stella-lorraine/observatory/publication/scientific/recursive-time-keeping/oscillatory-hierarchy-time-keeping.tex:347: Undefined control sequence.
l.347 \For
          {each selected molecule $M_i \in S$}
The control sequence at the end of the top line
of your error message was never \def'ed. If you have
misspelled it (e.g., `\hobx'), type `I' and the correct
spelling (e.g., `I\hbox'). Otherwise just continue,
and I'll forget about whatever was undefined.

c:/Users/kundai/Documents/geosciences/stella-lorraine/observatory/publication/scientific/recursive-time-keeping/oscillatory-hierarchy-time-keeping.tex:348: Undefined control sequence.
l.348     \State
                 $\tau_i \leftarrow$ MeasureOscillatorySignature($M_i$)
The control sequence at the end of the top line
of your error message was never \def'ed. If you have
misspelled it (e.g., `\hobx'), type `I' and the correct
spelling (e.g., `I\hbox'). Otherwise just continue,
and I'll forget about whatever was undefined.

c:/Users/kundai/Documents/geosciences/stella-lorraine/observatory/publication/scientific/recursive-time-keeping/oscillatory-hierarchy-time-keeping.tex:349: Undefined control sequence.
l.349     \State
                 $\phi_i \leftarrow$ CalculatePhase($M_i$, reference\_frame)
The control sequence at the end of the top line
of your error message was never \def'ed. If you have
misspelled it (e.g., `\hobx'), type `I' and the correct
spelling (e.g., `I\hbox'). Otherwise just continue,
and I'll forget about whatever was undefined.

c:/Users/kundai/Documents/geosciences/stella-lorraine/observatory/publication/scientific/recursive-time-keeping/oscillatory-hierarchy-time-keeping.tex:350: Undefined control sequence.
l.350     \State
                 $f_i \leftarrow$ DetermineFrequency($M_i$)
The control sequence at the end of the top line
of your error message was never \def'ed. If you have
misspelled it (e.g., `\hobx'), type `I' and the correct
spelling (e.g., `I\hbox'). Otherwise just continue,
and I'll forget about whatever was undefined.

c:/Users/kundai/Documents/geosciences/stella-lorraine/observatory/publication/scientific/recursive-time-keeping/oscillatory-hierarchy-time-keeping.tex:351: Undefined control sequence.
l.351 \EndFor
             
The control sequence at the end of the top line
of your error message was never \def'ed. If you have
misspelled it (e.g., `\hobx'), type `I' and the correct
spelling (e.g., `I\hbox'). Otherwise just continue,
and I'll forget about whatever was undefined.

c:/Users/kundai/Documents/geosciences/stella-lorraine/observatory/publication/scientific/recursive-time-keeping/oscillatory-hierarchy-time-keeping.tex:353: Undefined control sequence.
l.353 \State
             // Phase 2: Statistical convergence analysis
The control sequence at the end of the top line
of your error message was never \def'ed. If you have
misspelled it (e.g., `\hobx'), type `I' and the correct
spelling (e.g., `I\hbox'). Otherwise just continue,
and I'll forget about whatever was undefined.

c:/Users/kundai/Documents/geosciences/stella-lorraine/observatory/publication/scientific/recursive-time-keeping/oscillatory-hierarchy-time-keeping.tex:354: Undefined control sequence.
l.354 \State
             $\text{convergence\_points} \leftarrow$ FindTemporalConvergence...
The control sequence at the end of the top line
of your error message was never \def'ed. If you have
misspelled it (e.g., `\hobx'), type `I' and the correct
spelling (e.g., `I\hbox'). Otherwise just continue,
and I'll forget about whatever was undefined.

c:/Users/kundai/Documents/geosciences/stella-lorraine/observatory/publication/scientific/recursive-time-keeping/oscillatory-hierarchy-time-keeping.tex:355: Undefined control sequence.
l.355 \State
             $\text{confidence} \leftarrow$ CalculateStatisticalConfidence($...
The control sequence at the end of the top line
of your error message was never \def'ed. If you have
misspelled it (e.g., `\hobx'), type `I' and the correct
spelling (e.g., `I\hbox'). Otherwise just continue,
and I'll forget about whatever was undefined.

c:/Users/kundai/Documents/geosciences/stella-lorraine/observatory/publication/scientific/recursive-time-keeping/oscillatory-hierarchy-time-keeping.tex:356: Undefined control sequence.
l.356 \State
             $\text{precision} \leftarrow$ EstimatePrecision($\text{confiden...
The control sequence at the end of the top line
of your error message was never \def'ed. If you have
misspelled it (e.g., `\hobx'), type `I' and the correct
spelling (e.g., `I\hbox'). Otherwise just continue,
and I'll forget about whatever was undefined.

c:/Users/kundai/Documents/geosciences/stella-lorraine/observatory/publication/scientific/recursive-time-keeping/oscillatory-hierarchy-time-keeping.tex:358: Undefined control sequence.
l.358 \State
             // Phase 3: Hierarchical validation
The control sequence at the end of the top line
of your error message was never \def'ed. If you have
misspelled it (e.g., `\hobx'), type `I' and the correct
spelling (e.g., `I\hbox'). Otherwise just continue,
and I'll forget about whatever was undefined.

c:/Users/kundai/Documents/geosciences/stella-lorraine/observatory/publication/scientific/recursive-time-keeping/oscillatory-hierarchy-time-keeping.tex:359: Undefined control sequence.
l.359 \State
             $T_{\text{atmospheric}} \leftarrow$ SelectBestConvergence($\tex...
The control sequence at the end of the top line
of your error message was never \def'ed. If you have
misspelled it (e.g., `\hobx'), type `I' and the correct
spelling (e.g., `I\hbox'). Otherwise just continue,
and I'll forget about whatever was undefined.

c:/Users/kundai/Documents/geosciences/stella-lorraine/observatory/publication/scientific/recursive-time-keeping/oscillatory-hierarchy-time-keeping.tex:360: Undefined control sequence.
l.360 \State
             $\text{validation} \leftarrow$ ValidateAgainstHierarchies($T_{\...
The control sequence at the end of the top line
of your error message was never \def'ed. If you have
misspelled it (e.g., `\hobx'), type `I' and the correct
spelling (e.g., `I\hbox'). Otherwise just continue,
and I'll forget about whatever was undefined.

c:/Users/kundai/Documents/geosciences/stella-lorraine/observatory/publication/scientific/recursive-time-keeping/oscillatory-hierarchy-time-keeping.tex:362: Undefined control sequence.
l.362 \State
             \textbf{Return} $T_{\text{atmospheric}}$ if $\text{precision} \...
The control sequence at the end of the top line
of your error message was never \def'ed. If you have
misspelled it (e.g., `\hobx'), type `I' and the correct
spelling (e.g., `I\hbox'). Otherwise just continue,
and I'll forget about whatever was undefined.


c:/Users/kundai/Documents/geosciences/stella-lorraine/observatory/publication/scientific/recursive-time-keeping/oscillatory-hierarchy-time-keeping.tex:363: LaTeX Error: Something's wrong--perhaps a missing \item.

See the LaTeX manual or LaTeX Companion for explanation.
Type  H <return>  for immediate help.
 ...                                              
                                                  
l.363 \end{algorithmic}
                       
Try typing  <return>  to proceed.
If that doesn't work, type  X <return>  to quit.


Underfull \hbox (badness 5622) in paragraph at lines 342--363
[]\OT1/cmr/bx/n/12 Input: \OT1/cmr/m/n/12 At-mo-spheric molec-u-lar net-work $\OMS/cmsy/m/n/12 A$\OT1/cmr/m/n/12 , tar-get pre-ci-sion $^^E[]$ \OT1/cmr/bx/n/12 Out-
 []


Underfull \hbox (badness 1867) in paragraph at lines 342--363
\OT1/cmr/bx/n/12 put: \OT1/cmr/m/n/12 Atmospheric-validated tem-po-ral co-or-di-nate // Phase 1: Molec-u-lar os-
 []


Underfull \hbox (badness 3930) in paragraph at lines 342--363
\OT1/cmr/m/n/12 cil-la-tor sam-pling $\OML/cmm/m/it/12 S \OMS/cmsy/m/n/12  $ \OT1/cmr/m/n/12 SelectRepresentativeMolecules($\OMS/cmsy/m/n/12 A$\OT1/cmr/m/n/12 , sam-pling[]rate) each
 []


Underfull \hbox (badness 3965) in paragraph at lines 342--363
\OT1/cmr/m/n/12 se-lected molecule $\OML/cmm/m/it/12 M[] \OMS/cmsy/m/n/12 2 \OML/cmm/m/it/12 S$ $^^\[] \OMS/cmsy/m/n/12  $ \OT1/cmr/m/n/12 MeasureOscillatorySignature($\OML/cmm/m/it/12 M[]$\OT1/cmr/m/n/12 ) $\OML/cmm/m/it/12 ^^^[] \OMS/cmsy/m/n/12  $
 []


Underfull \hbox (badness 6625) in paragraph at lines 342--363
[] \OMS/cmsy/m/n/12  $ \OT1/cmr/m/n/12 CalculateStatisticalConfidence($[]$) $[] \OMS/cmsy/m/n/12  $
 []


Underfull \hbox (badness 10000) in paragraph at lines 342--363
\OT1/cmr/m/n/12 EstimatePrecision($[]$, $\OMS/cmsy/m/n/12 j\OML/cmm/m/it/12 S\OMS/cmsy/m/n/12 j$\OT1/cmr/m/n/12 ) // Phase 3: Hi-er-ar-chi-cal val-i-da-tion
 []


Underfull \hbox (badness 10000) in paragraph at lines 342--363
\OML/cmm/m/it/12 T[] \OMS/cmsy/m/n/12  $ \OT1/cmr/m/n/12 SelectBestConvergence($[]$) $[] \OMS/cmsy/m/n/12  $
 []

[11] [12]
LaTeX Font Info:    Trying to load font information for TS1+cmtt on input line 449.
 (C:\Users\kundai\AppData\Local\Programs\MiKTeX\tex/latex/base\ts1cmtt.fd
File: ts1cmtt.fd 2023/04/13 v2.5m Standard LaTeX font definitions
) [13] [14] [15] [16] [17] [18] (oscillatory-hierarchy-time-keeping.aux)
 ***********
LaTeX2e <2023-11-01> patch level 1
L3 programming layer <2024-01-04>
 ***********
 ) 
Here is how much of TeX's memory you used:
 4017 strings out of 474486
 60635 string characters out of 5743283
 1933542 words of memory out of 5000000
 26254 multiletter control sequences out of 15000+600000
 569291 words of font info for 78 fonts, out of 8000000 for 9000
 1141 hyphenation exceptions out of 8191
 57i,10n,65p,1223b,343s stack positions out of 10000i,1000n,20000p,200000b,200000s
 <C:\Users\kundai\AppData\Local\MiKTeX\fonts/pk/ljfour/jknappen/ec/dpi600\tctt1200.pk> <C:\Users\kundai\AppData\Local\MiKTeX\fonts/pk/ljfour/jknappen/ec/dpi600\tcrm1200.pk><C:/Users/kundai/AppData/Local/Programs/MiKTeX/fonts/type1/public/amsfonts/cm/cmbx10.pfb><C:/Users/kundai/AppData/Local/Programs/MiKTeX/fonts/type1/public/amsfonts/cm/cmbx12.pfb><C:/Users/kundai/AppData/Local/Programs/MiKTeX/fonts/type1/public/amsfonts/cm/cmex10.pfb><C:/Users/kundai/AppData/Local/Programs/MiKTeX/fonts/type1/public/amsfonts/cm/cmmi12.pfb><C:/Users/kundai/AppData/Local/Programs/MiKTeX/fonts/type1/public/amsfonts/cm/cmmi8.pfb><C:/Users/kundai/AppData/Local/Programs/MiKTeX/fonts/type1/public/amsfonts/cm/cmr10.pfb><C:/Users/kundai/AppData/Local/Programs/MiKTeX/fonts/type1/public/amsfonts/cm/cmr12.pfb><C:/Users/kundai/AppData/Local/Programs/MiKTeX/fonts/type1/public/amsfonts/cm/cmr17.pfb><C:/Users/kundai/AppData/Local/Programs/MiKTeX/fonts/type1/public/amsfonts/cm/cmr6.pfb><C:/Users/kundai/AppData/Local/Programs/MiKTeX/fonts/type1/public/amsfonts/cm/cmr8.pfb><C:/Users/kundai/AppData/Local/Programs/MiKTeX/fonts/type1/public/amsfonts/cm/cmsy10.pfb><C:/Users/kundai/AppData/Local/Programs/MiKTeX/fonts/type1/public/amsfonts/cm/cmsy6.pfb><C:/Users/kundai/AppData/Local/Programs/MiKTeX/fonts/type1/public/amsfonts/cm/cmsy8.pfb><C:/Users/kundai/AppData/Local/Programs/MiKTeX/fonts/type1/public/amsfonts/cm/cmti12.pfb><C:/Users/kundai/AppData/Local/Programs/MiKTeX/fonts/type1/public/amsfonts/cm/cmti8.pfb><C:/Users/kundai/AppData/Local/Programs/MiKTeX/fonts/type1/public/amsfonts/cm/cmtt12.pfb><C:/Users/kundai/AppData/Local/Programs/MiKTeX/fonts/type1/public/amsfonts/symbols/msam10.pfb>
Output written on oscillatory-hierarchy-time-keeping.pdf (18 pages, 256145 bytes).
PDF statistics:
 155 PDF objects out of 1000 (max. 8388607)
 0 named destinations out of 1000 (max. 500000)
 1 words of extra memory for PDF output out of 10000 (max. 10000000)

